Arguments: 
  /Users/droyer/.nvm/versions/node/v8.7.0/bin/node /Users/droyer/.yarn/bin/yarn.js

PATH: 
  /Users/droyer/.yarn/bin:/Users/droyer/.nvm/versions/node/v8.7.0/bin:/users/droyer/go/bin:/usr/local/bin:/usr/bin:/bin:/usr/sbin:/sbin

Yarn version: 
  1.3.2

Node version: 
  8.7.0

Platform: 
  darwin x64

npm manifest: 
  {
    "name": "vue_cmsify",
    "version": "1.0.0",
    "description": "Template for building Vue CMS projects w/ Nuxt + Nuxtent + Netlify",
    "author": "Andrew Haupt <ajhaupt7@gmail.com>",
    "private": true,
    "scripts": {
      "dev": "nuxt",
      "build": "nuxt build",
      "start": "nuxt start",
      "generate": "nuxt generate",
      "lint": "eslint --ext .js,.vue --ignore-path .gitignore .",
      "precommit": "npm run lint"
    },
    "dependencies": {
      "netlify-cms": "^0.7.6",
      "nuxt": "1.0.0-rc11",
      "nuxtent": "latest",
      "@nuxtjs/axios": "^4.5.0"
    },
    "devDependencies": {
      "babel-eslint": "^7.2.3",
      "eslint": "^4.3.0",
      "eslint-config-standard": "^10.2.1",
      "eslint-loader": "^1.9.0",
      "eslint-plugin-html": "^3.1.1",
      "eslint-plugin-import": "^2.7.0",
      "eslint-plugin-node": "^5.1.1",
      "eslint-plugin-promise": "^3.5.0",
      "eslint-plugin-standard": "^3.0.1",
      "nuxt-netlify-cms": "2.0.1",
    }
  }

yarn manifest: 
  No manifest

Lockfile: 
  No lockfile

Trace: 
  SyntaxError: /Users/droyer/Playground-2017/nuxtlify/package.json: Unexpected token } in JSON at position 933
      at JSON.parse (<anonymous>)
      at /Users/droyer/.yarn/lib/cli.js:770:59
      at Generator.next (<anonymous>)
      at step (/Users/droyer/.yarn/lib/cli.js:92:30)
      at /Users/droyer/.yarn/lib/cli.js:103:13
      at <anonymous>
